Temp/gradleOut/launcher/build/intermediates/manifest_merge_blame_file/release/manifest-merger-blame-release-report.txt
1<?xml version="1.0" encoding="utf-8"?>
2<!-- GENERATED BY UNITY. REMOVE THIS COMMENT TO PREVENT OVERWRITING WHEN EXPORTING AGAIN -->
3<manifest xmlns:android="http://schemas.android.com/apk/res/android"
4    package="com.CloneFLappyBird"
5    android:installLocation="preferExternal"
6    android:versionCode="1"
7    android:versionName="0.1" >
8
9    <uses-sdk
10        android:minSdkVersion="19"
10-->src\main\AndroidManifest.xml
11        android:targetSdkVersion="30" />
11-->src\main\AndroidManifest.xml
12
13    <supports-screens
13-->src\main\AndroidManifest.xml:4:3-163
14        android:anyDensity="true"
14-->src\main\AndroidManifest.xml:4:135-160
15        android:largeScreens="true"
15-->src\main\AndroidManifest.xml:4:78-105
16        android:normalScreens="true"
16-->src\main\AndroidManifest.xml:4:49-77
17        android:smallScreens="true"
17-->src\main\AndroidManifest.xml:4:21-48
18        android:xlargeScreens="true" />
18-->src\main\AndroidManifest.xml:4:106-134
19
20    <uses-feature android:glEsVersion="0x00030000" />
20-->[:unityLibrary] AndroidManifest.xml:13:5-54
20-->[:unityLibrary] AndroidManifest.xml:13:19-51
21    <uses-feature
21-->[:unityLibrary] AndroidManifest.xml:14:5-16:36
22        android:name="android.hardware.vulkan.version"
22-->[:unityLibrary] AndroidManifest.xml:15:9-55
23        android:required="false" />
23-->[:unityLibrary] AndroidManifest.xml:16:9-33
24    <uses-feature
24-->[:unityLibrary] AndroidManifest.xml:17:5-19:36
25        android:name="android.hardware.touchscreen"
25-->[:unityLibrary] AndroidManifest.xml:18:9-52
26        android:required="false" />
26-->[:unityLibrary] AndroidManifest.xml:19:9-33
27    <uses-feature
27-->[:unityLibrary] AndroidManifest.xml:20:5-22:36
28        android:name="android.hardware.touchscreen.multitouch"
28-->[:unityLibrary] AndroidManifest.xml:21:9-63
29        android:required="false" />
29-->[:unityLibrary] AndroidManifest.xml:22:9-33
30    <uses-feature
30-->[:unityLibrary] AndroidManifest.xml:23:5-25:36
31        android:name="android.hardware.touchscreen.multitouch.distinct"
31-->[:unityLibrary] AndroidManifest.xml:24:9-72
32        android:required="false" /> <!-- Include required permissions for Google Mobile Ads to run -->
32-->[:unityLibrary] AndroidManifest.xml:25:9-33
33    <uses-permission android:name="android.permission.INTERNET" />
33-->[:com.google.android.gms.play-services-ads-lite-19.3.0:] AndroidManifest.xml:20:3-65
33-->[:com.google.android.gms.play-services-ads-lite-19.3.0:] AndroidManifest.xml:20:20-62
34    <uses-permission android:name="android.permission.ACCESS_NETWORK_STATE" />
34-->[:com.google.android.gms.play-services-ads-lite-19.3.0:] AndroidManifest.xml:21:3-77
34-->[:com.google.android.gms.play-services-ads-lite-19.3.0:] AndroidManifest.xml:21:20-74
35    <uses-permission android:name="android.permission.WAKE_LOCK" />
35-->[:com.google.android.gms.play-services-measurement-sdk-api-17.1.0:] AndroidManifest.xml:25:5-68
35-->[:com.google.android.gms.play-services-measurement-sdk-api-17.1.0:] AndroidManifest.xml:25:22-65
36
37    <application
37-->src\main\AndroidManifest.xml:5:3-116
38        android:appComponentFactory="androidx.core.app.CoreComponentFactory"
38-->[:androidx.core.core-1.0.0:] AndroidManifest.xml:22:18-86
39        android:extractNativeLibs="true"
39-->src\main\AndroidManifest.xml:5:16-48
40        android:icon="@mipmap/app_icon"
40-->src\main\AndroidManifest.xml:5:82-113
41        android:label="@string/app_name" >
41-->src\main\AndroidManifest.xml:5:49-81
42        <activity
42-->[:unityLibrary] AndroidManifest.xml:28:9-47:20
43            android:name="com.unity3d.player.UnityPlayerActivity"
43-->[:unityLibrary] AndroidManifest.xml:29:13-66
44            android:configChanges="mcc|mnc|locale|touchscreen|keyboard|keyboardHidden|navigation|orientation|screenLayout|uiMode|screenSize|smallestScreenSize|fontScale|layoutDirection|density"
44-->[:unityLibrary] AndroidManifest.xml:30:13-194
45            android:hardwareAccelerated="false"
45-->[:unityLibrary] AndroidManifest.xml:31:13-48
46            android:launchMode="singleTask"
46-->[:unityLibrary] AndroidManifest.xml:32:13-44
47            android:screenOrientation="fullSensor"
47-->[:unityLibrary] AndroidManifest.xml:33:13-51
48            android:theme="@style/UnityThemeSelector" >
48-->[:unityLibrary] AndroidManifest.xml:34:13-54
49            <intent-filter>
49-->[:unityLibrary] AndroidManifest.xml:35:13-39:29
50                <action android:name="android.intent.action.MAIN" />
50-->[:unityLibrary] AndroidManifest.xml:36:17-69
50-->[:unityLibrary] AndroidManifest.xml:36:25-66
51
52                <category android:name="android.intent.category.LAUNCHER" />
52-->[:unityLibrary] AndroidManifest.xml:38:17-77
52-->[:unityLibrary] AndroidManifest.xml:38:27-74
53            </intent-filter>
54
55            <meta-data
55-->[:unityLibrary] AndroidManifest.xml:41:13-43:40
56                android:name="unityplayer.UnityActivity"
56-->[:unityLibrary] AndroidManifest.xml:42:17-57
57                android:value="true" />
57-->[:unityLibrary] AndroidManifest.xml:43:17-37
58            <meta-data
58-->[:unityLibrary] AndroidManifest.xml:44:13-46:40
59                android:name="android.notch_support"
59-->[:unityLibrary] AndroidManifest.xml:45:17-53
60                android:value="true" />
60-->[:unityLibrary] AndroidManifest.xml:46:17-37
61        </activity>
62
63        <meta-data
63-->[:unityLibrary] AndroidManifest.xml:49:9-51:33
64            android:name="unity.splash-mode"
64-->[:unityLibrary] AndroidManifest.xml:50:13-45
65            android:value="0" />
65-->[:unityLibrary] AndroidManifest.xml:51:13-30
66        <meta-data
66-->[:unityLibrary] AndroidManifest.xml:52:9-54:36
67            android:name="unity.splash-enable"
67-->[:unityLibrary] AndroidManifest.xml:53:13-47
68            android:value="True" />
68-->[:unityLibrary] AndroidManifest.xml:54:13-33
69        <meta-data
69-->[:unityLibrary] AndroidManifest.xml:55:9-57:50
70            android:name="notch.config"
70-->[:unityLibrary] AndroidManifest.xml:56:13-40
71            android:value="portrait|landscape" />
71-->[:unityLibrary] AndroidManifest.xml:57:13-47
72        <meta-data
72-->[:unityLibrary] AndroidManifest.xml:58:9-60:68
73            android:name="unity.build-id"
73-->[:unityLibrary] AndroidManifest.xml:59:13-42
74            android:value="a412226d-e6eb-4df4-94b2-7f2c516aeb63" /> <!-- Include the AdActivity and InAppPurchaseActivity configChanges and themes. -->
74-->[:unityLibrary] AndroidManifest.xml:60:13-65
75        <activity
75-->[:com.google.android.gms.play-services-ads-lite-19.3.0:] AndroidManifest.xml:24:5-254
76            android:name="com.google.android.gms.ads.AdActivity"
76-->[:com.google.android.gms.play-services-ads-lite-19.3.0:] AndroidManifest.xml:24:15-67
77            android:configChanges="keyboard|keyboardHidden|orientation|screenLayout|uiMode|screenSize|smallestScreenSize"
77-->[:com.google.android.gms.play-services-ads-lite-19.3.0:] AndroidManifest.xml:24:68-177
78            android:exported="false"
78-->[:com.google.android.gms.play-services-ads-lite-19.3.0:] AndroidManifest.xml:24:178-202
79            android:theme="@android:style/Theme.Translucent" />
79-->[:com.google.android.gms.play-services-ads-lite-19.3.0:] AndroidManifest.xml:24:203-251
80
81        <provider
81-->[:com.google.android.gms.play-services-ads-lite-19.3.0:] AndroidManifest.xml:25:5-194
82            android:name="com.google.android.gms.ads.MobileAdsInitProvider"
82-->[:com.google.android.gms.play-services-ads-lite-19.3.0:] AndroidManifest.xml:25:15-78
83            android:authorities="com.CloneFLappyBird.mobileadsinitprovider"
83-->[:com.google.android.gms.play-services-ads-lite-19.3.0:] AndroidManifest.xml:25:79-142
84            android:exported="false"
84-->[:com.google.android.gms.play-services-ads-lite-19.3.0:] AndroidManifest.xml:25:143-167
85            android:initOrder="100" />
85-->[:com.google.android.gms.play-services-ads-lite-19.3.0:] AndroidManifest.xml:25:168-191
86
87        <meta-data
87-->[:com.google.android.gms.play-services-basement-17.0.0:] AndroidManifest.xml:23:9-25:69
88            android:name="com.google.android.gms.version"
88-->[:com.google.android.gms.play-services-basement-17.0.0:] AndroidManifest.xml:24:13-58
89            android:value="@integer/google_play_services_version" />
89-->[:com.google.android.gms.play-services-basement-17.0.0:] AndroidManifest.xml:25:13-66
90
91        <activity
91-->[:UnityAds:] AndroidManifest.xml:15:9-19:74
92            android:name="com.unity3d.services.ads.adunit.AdUnitActivity"
92-->[:UnityAds:] AndroidManifest.xml:16:13-74
93            android:configChanges="fontScale|keyboard|keyboardHidden|locale|mnc|mcc|navigation|orientation|screenLayout|screenSize|smallestScreenSize|uiMode|touchscreen"
93-->[:UnityAds:] AndroidManifest.xml:17:13-170
94            android:hardwareAccelerated="true"
94-->[:UnityAds:] AndroidManifest.xml:18:13-47
95            android:theme="@android:style/Theme.NoTitleBar.Fullscreen" />
95-->[:UnityAds:] AndroidManifest.xml:19:13-71
96        <activity
96-->[:UnityAds:] AndroidManifest.xml:20:9-24:86
97            android:name="com.unity3d.services.ads.adunit.AdUnitTransparentActivity"
97-->[:UnityAds:] AndroidManifest.xml:21:13-85
98            android:configChanges="fontScale|keyboard|keyboardHidden|locale|mnc|mcc|navigation|orientation|screenLayout|screenSize|smallestScreenSize|uiMode|touchscreen"
98-->[:UnityAds:] AndroidManifest.xml:22:13-170
99            android:hardwareAccelerated="true"
99-->[:UnityAds:] AndroidManifest.xml:23:13-47
100            android:theme="@android:style/Theme.Translucent.NoTitleBar.Fullscreen" />
100-->[:UnityAds:] AndroidManifest.xml:24:13-83
101        <activity
101-->[:UnityAds:] AndroidManifest.xml:25:9-29:86
102            android:name="com.unity3d.services.ads.adunit.AdUnitTransparentSoftwareActivity"
102-->[:UnityAds:] AndroidManifest.xml:26:13-93
103            android:configChanges="fontScale|keyboard|keyboardHidden|locale|mnc|mcc|navigation|orientation|screenLayout|screenSize|smallestScreenSize|uiMode|touchscreen"
103-->[:UnityAds:] AndroidManifest.xml:27:13-170
104            android:hardwareAccelerated="false"
104-->[:UnityAds:] AndroidManifest.xml:28:13-48
105            android:theme="@android:style/Theme.Translucent.NoTitleBar.Fullscreen" />
105-->[:UnityAds:] AndroidManifest.xml:29:13-83
106        <activity
106-->[:UnityAds:] AndroidManifest.xml:30:9-34:74
107            android:name="com.unity3d.services.ads.adunit.AdUnitSoftwareActivity"
107-->[:UnityAds:] AndroidManifest.xml:31:13-82
108            android:configChanges="fontScale|keyboard|keyboardHidden|locale|mnc|mcc|navigation|orientation|screenLayout|screenSize|smallestScreenSize|uiMode|touchscreen"
108-->[:UnityAds:] AndroidManifest.xml:32:13-170
109            android:hardwareAccelerated="false"
109-->[:UnityAds:] AndroidManifest.xml:33:13-48
110            android:theme="@android:style/Theme.NoTitleBar.Fullscreen" />
110-->[:UnityAds:] AndroidManifest.xml:34:13-71
111
112        <uses-library
112-->[:unityLibrary:GoogleMobileAdsPlugin.androidlib] AndroidManifest.xml:10:9-12:40
113            android:name="org.apache.http.legacy"
113-->[:unityLibrary:GoogleMobileAdsPlugin.androidlib] AndroidManifest.xml:11:13-50
114            android:required="false" />
114-->[:unityLibrary:GoogleMobileAdsPlugin.androidlib] AndroidManifest.xml:12:13-37
115
116        <meta-data
116-->[:unityLibrary:GoogleMobileAdsPlugin.androidlib] AndroidManifest.xml:14:9-16:72
117            android:name="com.google.android.gms.ads.APPLICATION_ID"
117-->[:unityLibrary:GoogleMobileAdsPlugin.androidlib] AndroidManifest.xml:15:13-69
118            android:value=" ca-app-pub-6717588109334744~9965556217 " />
118-->[:unityLibrary:GoogleMobileAdsPlugin.androidlib] AndroidManifest.xml:16:13-69
119    </application>
120
121</manifest>